{"D:\\project\\pythonWebsite\\src\\components\\ui\\CodeEditor.tsx": {"path":"D:\\project\\pythonWebsite\\src\\components\\ui\\CodeEditor.tsx","statementMap":{"0":{"start":{"line":22,"column":0},"end":{"line":22,"column":null}},"1":{"start":{"line":56,"column":2},"end":{"line":58,"column":null}},"2":{"start":{"line":57,"column":4},"end":{"line":57,"column":null}},"3":{"start":{"line":61,"column":20},"end":{"line":61,"column":null}},"4":{"start":{"line":62,"column":23},"end":{"line":62,"column":null}},"5":{"start":{"line":63,"column":21},"end":{"line":63,"column":null}},"6":{"start":{"line":66,"column":2},"end":{"line":66,"column":null}},"7":{"start":{"line":69,"column":2},"end":{"line":81,"column":null}},"8":{"start":{"line":70,"column":19},"end":{"line":70,"column":null}},"9":{"start":{"line":71,"column":24},"end":{"line":71,"column":null}},"10":{"start":{"line":73,"column":4},"end":{"line":80,"column":null}},"11":{"start":{"line":74,"column":25},"end":{"line":74,"column":null}},"12":{"start":{"line":75,"column":6},"end":{"line":78,"column":null}},"13":{"start":{"line":76,"column":8},"end":{"line":76,"column":null}},"14":{"start":{"line":77,"column":8},"end":{"line":77,"column":null}},"15":{"start":{"line":79,"column":6},"end":{"line":79,"column":null}},"16":{"start":{"line":93,"column":20},"end":{"line":93,"column":null}},"17":{"start":{"line":94,"column":17},"end":{"line":94,"column":null}},"18":{"start":{"line":95,"column":27},"end":{"line":95,"column":null}},"19":{"start":{"line":96,"column":32},"end":{"line":96,"column":null}},"20":{"start":{"line":98,"column":2},"end":{"line":143,"column":null}},"21":{"start":{"line":99,"column":34},"end":{"line":99,"column":null}},"22":{"start":{"line":100,"column":20},"end":{"line":100,"column":null}},"23":{"start":{"line":103,"column":4},"end":{"line":132,"column":null}},"24":{"start":{"line":104,"column":6},"end":{"line":104,"column":null}},"25":{"start":{"line":104,"column":43},"end":{"line":104,"column":null}},"26":{"start":{"line":107,"column":24},"end":{"line":107,"column":null}},"27":{"start":{"line":108,"column":6},"end":{"line":108,"column":null}},"28":{"start":{"line":110,"column":6},"end":{"line":117,"column":null}},"29":{"start":{"line":119,"column":6},"end":{"line":119,"column":null}},"30":{"start":{"line":122,"column":6},"end":{"line":122,"column":null}},"31":{"start":{"line":125,"column":6},"end":{"line":129,"column":null}},"32":{"start":{"line":126,"column":8},"end":{"line":128,"column":null}},"33":{"start":{"line":127,"column":10},"end":{"line":127,"column":null}},"34":{"start":{"line":131,"column":6},"end":{"line":131,"column":null}},"35":{"start":{"line":134,"column":4},"end":{"line":140,"column":null}},"36":{"start":{"line":135,"column":6},"end":{"line":135,"column":null}},"37":{"start":{"line":136,"column":6},"end":{"line":139,"column":null}},"38":{"start":{"line":137,"column":8},"end":{"line":137,"column":null}},"39":{"start":{"line":138,"column":8},"end":{"line":138,"column":null}},"40":{"start":{"line":146,"column":2},"end":{"line":151,"column":null}},"41":{"start":{"line":147,"column":4},"end":{"line":149,"column":null}},"42":{"start":{"line":148,"column":6},"end":{"line":148,"column":null}},"43":{"start":{"line":150,"column":4},"end":{"line":150,"column":null}},"44":{"start":{"line":153,"column":2},"end":{"line":205,"column":null}}},"fnMap":{"0":{"name":"highlight","decl":{"start":{"line":54,"column":9},"end":{"line":54,"column":19}},"loc":{"start":{"line":54,"column":46},"end":{"line":82,"column":null}},"line":54},"1":{"name":"CodeEditor","decl":{"start":{"line":87,"column":24},"end":{"line":87,"column":35}},"loc":{"start":{"line":92,"column":20},"end":{"line":207,"column":null}},"line":92},"2":{"name":"(anonymous_2)","decl":{"start":{"line":98,"column":2},"end":{"line":98,"column":18}},"loc":{"start":{"line":98,"column":18},"end":{"line":143,"column":5}},"line":98},"3":{"name":"(anonymous_3)","decl":{"start":{"line":103,"column":44},"end":{"line":103,"column":null}},"loc":{"start":{"line":103,"column":44},"end":{"line":132,"column":5}},"line":103},"4":{"name":"(anonymous_4)","decl":{"start":{"line":125,"column":10},"end":{"line":125,"column":20}},"loc":{"start":{"line":125,"column":40},"end":{"line":129,"column":7}},"line":125},"5":{"name":"(anonymous_5)","decl":{"start":{"line":134,"column":4},"end":{"line":134,"column":17}},"loc":{"start":{"line":134,"column":17},"end":{"line":140,"column":null}},"line":134},"6":{"name":"(anonymous_6)","decl":{"start":{"line":146,"column":2},"end":{"line":146,"column":18}},"loc":{"start":{"line":146,"column":18},"end":{"line":151,"column":5}},"line":146}},"branchMap":{"0":{"loc":{"start":{"line":56,"column":2},"end":{"line":58,"column":null}},"type":"if","locations":[{"start":{"line":56,"column":2},"end":{"line":58,"column":null}},{"start":{},"end":{}}],"line":56},"1":{"loc":{"start":{"line":56,"column":6},"end":{"line":56,"column":49}},"type":"binary-expr","locations":[{"start":{"line":56,"column":6},"end":{"line":56,"column":29}},{"start":{"line":56,"column":29},"end":{"line":56,"column":49}}],"line":56},"2":{"loc":{"start":{"line":62,"column":23},"end":{"line":62,"column":null}},"type":"binary-expr","locations":[{"start":{"line":62,"column":23},"end":{"line":62,"column":50}},{"start":{"line":62,"column":50},"end":{"line":62,"column":null}}],"line":62},"3":{"loc":{"start":{"line":69,"column":2},"end":{"line":81,"column":null}},"type":"if","locations":[{"start":{"line":69,"column":2},"end":{"line":81,"column":null}},{"start":{},"end":{}}],"line":69},"4":{"loc":{"start":{"line":69,"column":6},"end":{"line":69,"column":62}},"type":"binary-expr","locations":[{"start":{"line":69,"column":6},"end":{"line":69,"column":19}},{"start":{"line":69,"column":19},"end":{"line":69,"column":33}},{"start":{"line":69,"column":33},"end":{"line":69,"column":62}}],"line":69},"5":{"loc":{"start":{"line":74,"column":25},"end":{"line":74,"column":null}},"type":"binary-expr","locations":[{"start":{"line":74,"column":25},"end":{"line":74,"column":53}},{"start":{"line":74,"column":53},"end":{"line":74,"column":null}}],"line":74},"6":{"loc":{"start":{"line":75,"column":6},"end":{"line":78,"column":null}},"type":"if","locations":[{"start":{"line":75,"column":6},"end":{"line":78,"column":null}},{"start":{},"end":{}}],"line":75},"7":{"loc":{"start":{"line":90,"column":2},"end":{"line":90,"column":null}},"type":"default-arg","locations":[{"start":{"line":90,"column":13},"end":{"line":90,"column":null}}],"line":90},"8":{"loc":{"start":{"line":91,"column":2},"end":{"line":91,"column":null}},"type":"default-arg","locations":[{"start":{"line":91,"column":11},"end":{"line":91,"column":null}}],"line":91},"9":{"loc":{"start":{"line":104,"column":6},"end":{"line":104,"column":null}},"type":"if","locations":[{"start":{"line":104,"column":6},"end":{"line":104,"column":null}},{"start":{},"end":{}}],"line":104},"10":{"loc":{"start":{"line":104,"column":10},"end":{"line":104,"column":43}},"type":"binary-expr","locations":[{"start":{"line":104,"column":10},"end":{"line":104,"column":23}},{"start":{"line":104,"column":23},"end":{"line":104,"column":43}}],"line":104},"11":{"loc":{"start":{"line":126,"column":8},"end":{"line":128,"column":null}},"type":"if","locations":[{"start":{"line":126,"column":8},"end":{"line":128,"column":null}},{"start":{},"end":{}}],"line":126},"12":{"loc":{"start":{"line":136,"column":6},"end":{"line":139,"column":null}},"type":"if","locations":[{"start":{"line":136,"column":6},"end":{"line":139,"column":null}},{"start":{},"end":{}}],"line":136},"13":{"loc":{"start":{"line":147,"column":4},"end":{"line":149,"column":null}},"type":"if","locations":[{"start":{"line":147,"column":4},"end":{"line":149,"column":null}},{"start":{},"end":{}}],"line":147},"14":{"loc":{"start":{"line":147,"column":8},"end":{"line":147,"column":53}},"type":"binary-expr","locations":[{"start":{"line":147,"column":8},"end":{"line":147,"column":26}},{"start":{"line":147,"column":26},"end":{"line":147,"column":53}}],"line":147},"15":{"loc":{"start":{"line":183,"column":7},"end":{"line":205,"column":null}},"type":"binary-expr","locations":[{"start":{"line":183,"column":7},"end":{"line":183,"column":null}},{"start":{"line":184,"column":8},"end":{"line":205,"column":null}}],"line":183}},"s":{"0":1,"1":0,"2":0,"3":0,"4":0,"5":0,"6":0,"7":0,"8":0,"9":0,"10":0,"11":0,"12":0,"13":0,"14":0,"15":0,"16":11,"17":11,"18":11,"19":11,"20":11,"21":9,"22":9,"23":9,"24":9,"25":7,"26":2,"27":2,"28":2,"29":2,"30":2,"31":2,"32":0,"33":0,"34":2,"35":9,"36":9,"37":9,"38":2,"39":2,"40":11,"41":9,"42":0,"43":9,"44":11},"f":{"0":0,"1":11,"2":9,"3":9,"4":0,"5":9,"6":9},"b":{"0":[0,0],"1":[0,0],"2":[0,0],"3":[0,0],"4":[0,0,0],"5":[0,0],"6":[0,0],"7":[11],"8":[11],"9":[7,2],"10":[9,2],"11":[0,0],"12":[2,7],"13":[0,9],"14":[9,0],"15":[11,9]},"meta":{"lastBranch":16,"lastFunction":7,"lastStatement":45,"seen":{"s:22:0:22:Infinity":0,"f:54:9:54:19":0,"b:56:2:58:Infinity:undefined:undefined:undefined:undefined":0,"s:56:2:58:Infinity":1,"b:56:6:56:29:56:29:56:49":1,"s:57:4:57:Infinity":2,"s:61:20:61:Infinity":3,"s:62:23:62:Infinity":4,"b:62:23:62:50:62:50:62:Infinity":2,"s:63:21:63:Infinity":5,"s:66:2:66:Infinity":6,"b:69:2:81:Infinity:undefined:undefined:undefined:undefined":3,"s:69:2:81:Infinity":7,"b:69:6:69:19:69:19:69:33:69:33:69:62":4,"s:70:19:70:Infinity":8,"s:71:24:71:Infinity":9,"s:73:4:80:Infinity":10,"s:74:25:74:Infinity":11,"b:74:25:74:53:74:53:74:Infinity":5,"b:75:6:78:Infinity:undefined:undefined:undefined:undefined":6,"s:75:6:78:Infinity":12,"s:76:8:76:Infinity":13,"s:77:8:77:Infinity":14,"s:79:6:79:Infinity":15,"f:87:24:87:35":1,"b:90:13:90:Infinity":7,"b:91:11:91:Infinity":8,"s:93:20:93:Infinity":16,"s:94:17:94:Infinity":17,"s:95:27:95:Infinity":18,"s:96:32:96:Infinity":19,"s:98:2:143:Infinity":20,"f:98:2:98:18":2,"s:99:34:99:Infinity":21,"s:100:20:100:Infinity":22,"s:103:4:132:Infinity":23,"f:103:44:103:Infinity":3,"b:104:6:104:Infinity:undefined:undefined:undefined:undefined":9,"s:104:6:104:Infinity":24,"b:104:10:104:23:104:23:104:43":10,"s:104:43:104:Infinity":25,"s:107:24:107:Infinity":26,"s:108:6:108:Infinity":27,"s:110:6:117:Infinity":28,"s:119:6:119:Infinity":29,"s:122:6:122:Infinity":30,"s:125:6:129:Infinity":31,"f:125:10:125:20":4,"b:126:8:128:Infinity:undefined:undefined:undefined:undefined":11,"s:126:8:128:Infinity":32,"s:127:10:127:Infinity":33,"s:131:6:131:Infinity":34,"s:134:4:140:Infinity":35,"f:134:4:134:17":5,"s:135:6:135:Infinity":36,"b:136:6:139:Infinity:undefined:undefined:undefined:undefined":12,"s:136:6:139:Infinity":37,"s:137:8:137:Infinity":38,"s:138:8:138:Infinity":39,"s:146:2:151:Infinity":40,"f:146:2:146:18":6,"b:147:4:149:Infinity:undefined:undefined:undefined:undefined":13,"s:147:4:149:Infinity":41,"b:147:8:147:26:147:26:147:53":14,"s:148:6:148:Infinity":42,"s:150:4:150:Infinity":43,"s:153:2:205:Infinity":44,"b:183:7:183:Infinity:184:8:205:Infinity":15},"fnNames":{}}}
,"D:\\project\\pythonWebsite\\src\\components\\ui\\CompletionBadge.tsx": {"path":"D:\\project\\pythonWebsite\\src\\components\\ui\\CompletionBadge.tsx","statementMap":{"0":{"start":{"line":33,"column":22},"end":{"line":33,"column":null}},"1":{"start":{"line":34,"column":26},"end":{"line":36,"column":null}},"2":{"start":{"line":37,"column":20},"end":{"line":37,"column":null}},"3":{"start":{"line":38,"column":22},"end":{"line":38,"column":null}},"4":{"start":{"line":39,"column":22},"end":{"line":39,"column":null}},"5":{"start":{"line":41,"column":2},"end":{"line":52,"column":null}}},"fnMap":{"0":{"name":"CompletionBadge","decl":{"start":{"line":28,"column":24},"end":{"line":28,"column":40}},"loc":{"start":{"line":31,"column":25},"end":{"line":54,"column":null}},"line":31}},"branchMap":{"0":{"loc":{"start":{"line":33,"column":22},"end":{"line":33,"column":null}},"type":"cond-expr","locations":[{"start":{"line":33,"column":36},"end":{"line":33,"column":42}},{"start":{"line":33,"column":42},"end":{"line":33,"column":null}}],"line":33},"1":{"loc":{"start":{"line":34,"column":26},"end":{"line":36,"column":null}},"type":"cond-expr","locations":[{"start":{"line":35,"column":6},"end":{"line":35,"column":null}},{"start":{"line":36,"column":6},"end":{"line":36,"column":null}}],"line":34},"2":{"loc":{"start":{"line":37,"column":20},"end":{"line":37,"column":null}},"type":"cond-expr","locations":[{"start":{"line":37,"column":34},"end":{"line":37,"column":46}},{"start":{"line":37,"column":46},"end":{"line":37,"column":null}}],"line":37},"3":{"loc":{"start":{"line":38,"column":22},"end":{"line":38,"column":null}},"type":"cond-expr","locations":[{"start":{"line":38,"column":36},"end":{"line":38,"column":48}},{"start":{"line":38,"column":48},"end":{"line":38,"column":null}}],"line":38},"4":{"loc":{"start":{"line":39,"column":22},"end":{"line":39,"column":null}},"type":"binary-expr","locations":[{"start":{"line":39,"column":22},"end":{"line":39,"column":32}},{"start":{"line":39,"column":32},"end":{"line":39,"column":null}}],"line":39},"5":{"loc":{"start":{"line":39,"column":32},"end":{"line":39,"column":null}},"type":"cond-expr","locations":[{"start":{"line":39,"column":46},"end":{"line":39,"column":54}},{"start":{"line":39,"column":54},"end":{"line":39,"column":null}}],"line":39}},"s":{"0":0,"1":0,"2":0,"3":0,"4":0,"5":0},"f":{"0":0},"b":{"0":[0,0],"1":[0,0],"2":[0,0],"3":[0,0],"4":[0,0],"5":[0,0]},"meta":{"lastBranch":6,"lastFunction":1,"lastStatement":6,"seen":{"f:28:24:28:40":0,"s:33:22:33:Infinity":0,"b:33:36:33:42:33:42:33:Infinity":0,"s:34:26:36:Infinity":1,"b:35:6:35:Infinity:36:6:36:Infinity":1,"s:37:20:37:Infinity":2,"b:37:34:37:46:37:46:37:Infinity":2,"s:38:22:38:Infinity":3,"b:38:36:38:48:38:48:38:Infinity":3,"s:39:22:39:Infinity":4,"b:39:22:39:32:39:32:39:Infinity":4,"b:39:46:39:54:39:54:39:Infinity":5,"s:41:2:52:Infinity":5},"fnNames":{}}}
,"D:\\project\\pythonWebsite\\src\\components\\ui\\LessonContent.tsx": {"path":"D:\\project\\pythonWebsite\\src\\components\\ui\\LessonContent.tsx","statementMap":{"0":{"start":{"line":41,"column":2},"end":{"line":66,"column":null}},"1":{"start":{"line":56,"column":12},"end":{"line":59,"column":null}}},"fnMap":{"0":{"name":"LessonContent","decl":{"start":{"line":40,"column":24},"end":{"line":40,"column":38}},"loc":{"start":{"line":40,"column":71},"end":{"line":68,"column":null}},"line":40},"1":{"name":"(anonymous_1)","decl":{"start":{"line":55,"column":10},"end":{"line":55,"column":16}},"loc":{"start":{"line":55,"column":33},"end":{"line":61,"column":null}},"line":55}},"branchMap":{},"s":{"0":0,"1":0},"f":{"0":0,"1":0},"b":{},"meta":{"lastBranch":0,"lastFunction":2,"lastStatement":2,"seen":{"f:40:24:40:38":0,"s:41:2:66:Infinity":0,"f:55:10:55:16":1,"s:56:12:59:Infinity":1},"fnNames":{}}}
,"D:\\project\\pythonWebsite\\src\\components\\ui\\Navigation.tsx": {"path":"D:\\project\\pythonWebsite\\src\\components\\ui\\Navigation.tsx","statementMap":{"0":{"start":{"line":40,"column":20},"end":{"line":40,"column":null}},"1":{"start":{"line":41,"column":27},"end":{"line":41,"column":null}},"2":{"start":{"line":42,"column":26},"end":{"line":42,"column":null}},"3":{"start":{"line":44,"column":2},"end":{"line":138,"column":null}}},"fnMap":{"0":{"name":"Navigation","decl":{"start":{"line":33,"column":24},"end":{"line":33,"column":35}},"loc":{"start":{"line":37,"column":20},"end":{"line":140,"column":null}},"line":37}},"branchMap":{"0":{"loc":{"start":{"line":50,"column":7},"end":{"line":95,"column":null}},"type":"cond-expr","locations":[{"start":{"line":51,"column":8},"end":{"line":73,"column":null}},{"start":{"line":76,"column":8},"end":{"line":95,"column":null}}],"line":50},"1":{"loc":{"start":{"line":95,"column":7},"end":{"line":138,"column":null}},"type":"cond-expr","locations":[{"start":{"line":96,"column":8},"end":{"line":118,"column":null}},{"start":{"line":121,"column":8},"end":{"line":138,"column":null}}],"line":95}},"s":{"0":0,"1":0,"2":0,"3":0},"f":{"0":0},"b":{"0":[0,0],"1":[0,0]},"meta":{"lastBranch":2,"lastFunction":1,"lastStatement":4,"seen":{"f:33:24:33:35":0,"s:40:20:40:Infinity":0,"s:41:27:41:Infinity":1,"s:42:26:42:Infinity":2,"s:44:2:138:Infinity":3,"b:51:8:73:Infinity:76:8:95:Infinity":0,"b:96:8:118:Infinity:121:8:138:Infinity":1},"fnNames":{}}}
,"D:\\project\\pythonWebsite\\src\\components\\ui\\OutputPanel.tsx": {"path":"D:\\project\\pythonWebsite\\src\\components\\ui\\OutputPanel.tsx","statementMap":{"0":{"start":{"line":39,"column":21},"end":{"line":39,"column":null}},"1":{"start":{"line":41,"column":2},"end":{"line":132,"column":null}}},"fnMap":{"0":{"name":"OutputPanel","decl":{"start":{"line":33,"column":24},"end":{"line":33,"column":36}},"loc":{"start":{"line":37,"column":21},"end":{"line":134,"column":null}},"line":37}},"branchMap":{"0":{"loc":{"start":{"line":36,"column":2},"end":{"line":36,"column":null}},"type":"default-arg","locations":[{"start":{"line":36,"column":14},"end":{"line":36,"column":null}}],"line":36},"1":{"loc":{"start":{"line":39,"column":21},"end":{"line":39,"column":null}},"type":"binary-expr","locations":[{"start":{"line":39,"column":21},"end":{"line":39,"column":50}},{"start":{"line":39,"column":50},"end":{"line":39,"column":59}},{"start":{"line":39,"column":59},"end":{"line":39,"column":null}}],"line":39},"2":{"loc":{"start":{"line":60,"column":9},"end":{"line":71,"column":null}},"type":"binary-expr","locations":[{"start":{"line":60,"column":9},"end":{"line":60,"column":null}},{"start":{"line":61,"column":10},"end":{"line":71,"column":null}}],"line":60},"3":{"loc":{"start":{"line":75,"column":9},"end":{"line":129,"column":null}},"type":"cond-expr","locations":[{"start":{"line":77,"column":10},"end":{"line":89,"column":13}},{"start":{"line":89,"column":12},"end":{"line":129,"column":null}}],"line":75},"4":{"loc":{"start":{"line":89,"column":12},"end":{"line":129,"column":null}},"type":"cond-expr","locations":[{"start":{"line":91,"column":10},"end":{"line":96,"column":null}},{"start":{"line":99,"column":10},"end":{"line":129,"column":null}}],"line":89},"5":{"loc":{"start":{"line":101,"column":13},"end":{"line":116,"column":22}},"type":"binary-expr","locations":[{"start":{"line":101,"column":13},"end":{"line":101,"column":null}},{"start":{"line":102,"column":14},"end":{"line":116,"column":22}}],"line":101},"6":{"loc":{"start":{"line":116,"column":13},"end":{"line":129,"column":null}},"type":"binary-expr","locations":[{"start":{"line":116,"column":13},"end":{"line":116,"column":22}},{"start":{"line":116,"column":22},"end":{"line":116,"column":null}},{"start":{"line":117,"column":14},"end":{"line":129,"column":null}}],"line":116}},"s":{"0":14,"1":14},"f":{"0":14},"b":{"0":[14],"1":[14,7,2],"2":[14,3],"3":[3,11],"4":[3,8],"5":[8,6],"6":[8,3,3]},"meta":{"lastBranch":7,"lastFunction":1,"lastStatement":2,"seen":{"f:33:24:33:36":0,"b:36:14:36:Infinity":0,"s:39:21:39:Infinity":0,"b:39:21:39:50:39:50:39:59:39:59:39:Infinity":1,"s:41:2:132:Infinity":1,"b:60:9:60:Infinity:61:10:71:Infinity":2,"b:77:10:89:13:89:12:129:Infinity":3,"b:91:10:96:Infinity:99:10:129:Infinity":4,"b:101:13:101:Infinity:102:14:116:22":5,"b:116:13:116:22:116:22:116:Infinity:117:14:129:Infinity":6},"fnNames":{}}}
,"D:\\project\\pythonWebsite\\src\\components\\ui\\ProgressBar.tsx": {"path":"D:\\project\\pythonWebsite\\src\\components\\ui\\ProgressBar.tsx","statementMap":{"0":{"start":{"line":38,"column":21},"end":{"line":38,"column":null}},"1":{"start":{"line":39,"column":28},"end":{"line":39,"column":null}},"2":{"start":{"line":41,"column":2},"end":{"line":67,"column":null}}},"fnMap":{"0":{"name":"ProgressBar","decl":{"start":{"line":32,"column":24},"end":{"line":32,"column":36}},"loc":{"start":{"line":36,"column":21},"end":{"line":69,"column":null}},"line":36}},"branchMap":{"0":{"loc":{"start":{"line":35,"column":2},"end":{"line":35,"column":null}},"type":"default-arg","locations":[{"start":{"line":35,"column":14},"end":{"line":35,"column":null}}],"line":35},"1":{"loc":{"start":{"line":38,"column":21},"end":{"line":38,"column":null}},"type":"cond-expr","locations":[{"start":{"line":38,"column":33},"end":{"line":38,"column":73}},{"start":{"line":38,"column":73},"end":{"line":38,"column":null}}],"line":38}},"s":{"0":6,"1":6,"2":6},"f":{"0":6},"b":{"0":[6],"1":[6,0]},"meta":{"lastBranch":2,"lastFunction":1,"lastStatement":3,"seen":{"f:32:24:32:36":0,"b:35:14:35:Infinity":0,"s:38:21:38:Infinity":0,"b:38:33:38:73:38:73:38:Infinity":1,"s:39:28:39:Infinity":1,"s:41:2:67:Infinity":2},"fnNames":{}}}
,"D:\\project\\pythonWebsite\\src\\components\\ui\\ProgressOverview.tsx": {"path":"D:\\project\\pythonWebsite\\src\\components\\ui\\ProgressOverview.tsx","statementMap":{"0":{"start":{"line":14,"column":0},"end":{"line":14,"column":null}},"1":{"start":{"line":34,"column":29},"end":{"line":34,"column":41}},"2":{"start":{"line":36,"column":2},"end":{"line":43,"column":null}}},"fnMap":{"0":{"name":"ProgressOverview","decl":{"start":{"line":33,"column":24},"end":{"line":33,"column":41}},"loc":{"start":{"line":33,"column":82},"end":{"line":45,"column":null}},"line":33}},"branchMap":{},"s":{"0":1,"1":6,"2":6},"f":{"0":6},"b":{},"meta":{"lastBranch":0,"lastFunction":1,"lastStatement":3,"seen":{"s:14:0:14:Infinity":0,"f:33:24:33:41":0,"s:34:29:34:41":1,"s:36:2:43:Infinity":2},"fnNames":{}}}
,"D:\\project\\pythonWebsite\\src\\components\\ui\\PyodideRunner.tsx": {"path":"D:\\project\\pythonWebsite\\src\\components\\ui\\PyodideRunner.tsx","statementMap":{"0":{"start":{"line":44,"column":56},"end":{"line":44,"column":67}},"1":{"start":{"line":49,"column":22},"end":{"line":80,"column":null}},"2":{"start":{"line":51,"column":4},"end":{"line":57,"column":null}},"3":{"start":{"line":52,"column":6},"end":{"line":55,"column":null}},"4":{"start":{"line":56,"column":6},"end":{"line":56,"column":null}},"5":{"start":{"line":60,"column":4},"end":{"line":66,"column":null}},"6":{"start":{"line":61,"column":6},"end":{"line":64,"column":null}},"7":{"start":{"line":65,"column":6},"end":{"line":65,"column":null}},"8":{"start":{"line":69,"column":4},"end":{"line":72,"column":null}},"9":{"start":{"line":70,"column":6},"end":{"line":70,"column":null}},"10":{"start":{"line":71,"column":6},"end":{"line":71,"column":null}},"11":{"start":{"line":75,"column":34},"end":{"line":75,"column":null}},"12":{"start":{"line":76,"column":4},"end":{"line":79,"column":null}},"13":{"start":{"line":85,"column":2},"end":{"line":89,"column":null}},"14":{"start":{"line":86,"column":4},"end":{"line":88,"column":null}},"15":{"start":{"line":87,"column":6},"end":{"line":87,"column":null}},"16":{"start":{"line":94,"column":2},"end":{"line":94,"column":null}}},"fnMap":{"0":{"name":"PyodideRunner","decl":{"start":{"line":38,"column":24},"end":{"line":38,"column":38}},"loc":{"start":{"line":42,"column":23},"end":{"line":95,"column":null}},"line":42},"1":{"name":"(anonymous_1)","decl":{"start":{"line":49,"column":34},"end":{"line":49,"column":46}},"loc":{"start":{"line":49,"column":46},"end":{"line":80,"column":5}},"line":49},"2":{"name":"(anonymous_2)","decl":{"start":{"line":85,"column":2},"end":{"line":85,"column":18}},"loc":{"start":{"line":85,"column":18},"end":{"line":89,"column":5}},"line":85}},"branchMap":{"0":{"loc":{"start":{"line":41,"column":2},"end":{"line":41,"column":null}},"type":"default-arg","locations":[{"start":{"line":41,"column":12},"end":{"line":41,"column":null}}],"line":41},"1":{"loc":{"start":{"line":51,"column":4},"end":{"line":57,"column":null}},"type":"if","locations":[{"start":{"line":51,"column":4},"end":{"line":57,"column":null}},{"start":{},"end":{}}],"line":51},"2":{"loc":{"start":{"line":60,"column":4},"end":{"line":66,"column":null}},"type":"if","locations":[{"start":{"line":60,"column":4},"end":{"line":66,"column":null}},{"start":{},"end":{}}],"line":60},"3":{"loc":{"start":{"line":69,"column":4},"end":{"line":72,"column":null}},"type":"if","locations":[{"start":{"line":69,"column":4},"end":{"line":72,"column":null}},{"start":{},"end":{}}],"line":69},"4":{"loc":{"start":{"line":86,"column":4},"end":{"line":88,"column":null}},"type":"if","locations":[{"start":{"line":86,"column":4},"end":{"line":88,"column":null}},{"start":{},"end":{}}],"line":86}},"s":{"0":0,"1":0,"2":0,"3":0,"4":0,"5":0,"6":0,"7":0,"8":0,"9":0,"10":0,"11":0,"12":0,"13":0,"14":0,"15":0,"16":0},"f":{"0":0,"1":0,"2":0},"b":{"0":[0],"1":[0,0],"2":[0,0],"3":[0,0],"4":[0,0]},"meta":{"lastBranch":5,"lastFunction":3,"lastStatement":17,"seen":{"f:38:24:38:38":0,"b:41:12:41:Infinity":0,"s:44:56:44:67":0,"s:49:22:80:Infinity":1,"f:49:34:49:46":1,"b:51:4:57:Infinity:undefined:undefined:undefined:undefined":1,"s:51:4:57:Infinity":2,"s:52:6:55:Infinity":3,"s:56:6:56:Infinity":4,"b:60:4:66:Infinity:undefined:undefined:undefined:undefined":2,"s:60:4:66:Infinity":5,"s:61:6:64:Infinity":6,"s:65:6:65:Infinity":7,"b:69:4:72:Infinity:undefined:undefined:undefined:undefined":3,"s:69:4:72:Infinity":8,"s:70:6:70:Infinity":9,"s:71:6:71:Infinity":10,"s:75:34:75:Infinity":11,"s:76:4:79:Infinity":12,"s:85:2:89:Infinity":13,"f:85:2:85:18":2,"b:86:4:88:Infinity:undefined:undefined:undefined:undefined":4,"s:86:4:88:Infinity":14,"s:87:6:87:Infinity":15,"s:94:2:94:Infinity":16},"fnNames":{}}}
,"D:\\project\\pythonWebsite\\src\\components\\ui\\Sidebar.tsx": {"path":"D:\\project\\pythonWebsite\\src\\components\\ui\\Sidebar.tsx","statementMap":{"0":{"start":{"line":20,"column":30},"end":{"line":20,"column":null}},"1":{"start":{"line":21,"column":22},"end":{"line":21,"column":null}},"2":{"start":{"line":22,"column":20},"end":{"line":22,"column":null}},"3":{"start":{"line":38,"column":40},"end":{"line":38,"column":null}},"4":{"start":{"line":39,"column":36},"end":{"line":39,"column":null}},"5":{"start":{"line":40,"column":21},"end":{"line":40,"column":null}},"6":{"start":{"line":42,"column":50},"end":{"line":44,"column":null}},"7":{"start":{"line":47,"column":2},"end":{"line":57,"column":null}},"8":{"start":{"line":48,"column":4},"end":{"line":48,"column":null}},"9":{"start":{"line":49,"column":4},"end":{"line":56,"column":null}},"10":{"start":{"line":50,"column":21},"end":{"line":50,"column":null}},"11":{"start":{"line":51,"column":6},"end":{"line":53,"column":null}},"12":{"start":{"line":52,"column":8},"end":{"line":52,"column":null}},"13":{"start":{"line":60,"column":2},"end":{"line":68,"column":null}},"14":{"start":{"line":61,"column":4},"end":{"line":67,"column":null}},"15":{"start":{"line":62,"column":6},"end":{"line":66,"column":null}},"16":{"start":{"line":63,"column":8},"end":{"line":63,"column":null}},"17":{"start":{"line":70,"column":25},"end":{"line":72,"column":null}},"18":{"start":{"line":71,"column":4},"end":{"line":71,"column":null}},"19":{"start":{"line":71,"column":29},"end":{"line":71,"column":34}},"20":{"start":{"line":74,"column":8},"end":{"line":80,"column":null}},"21":{"start":{"line":75,"column":4},"end":{"line":79,"column":null}},"22":{"start":{"line":76,"column":19},"end":{"line":76,"column":null}},"23":{"start":{"line":77,"column":6},"end":{"line":77,"column":null}},"24":{"start":{"line":78,"column":6},"end":{"line":78,"column":null}},"25":{"start":{"line":83,"column":30},"end":{"line":83,"column":null}},"26":{"start":{"line":84,"column":23},"end":{"line":84,"column":null}},"27":{"start":{"line":86,"column":23},"end":{"line":86,"column":null}},"28":{"start":{"line":86,"column":52},"end":{"line":86,"column":77}},"29":{"start":{"line":87,"column":25},"end":{"line":87,"column":null}},"30":{"start":{"line":90,"column":25},"end":{"line":90,"column":null}},"31":{"start":{"line":90,"column":47},"end":{"line":90,"column":73}},"32":{"start":{"line":92,"column":2},"end":{"line":265,"column":null}},"33":{"start":{"line":107,"column":26},"end":{"line":107,"column":null}},"34":{"start":{"line":108,"column":26},"end":{"line":108,"column":null}},"35":{"start":{"line":151,"column":33},"end":{"line":151,"column":null}},"36":{"start":{"line":152,"column":39},"end":{"line":152,"column":null}},"37":{"start":{"line":154,"column":14},"end":{"line":259,"column":null}},"38":{"start":{"line":164,"column":22},"end":{"line":164,"column":null}},"39":{"start":{"line":165,"column":22},"end":{"line":165,"column":null}},"40":{"start":{"line":196,"column":26},"end":{"line":197,"column":null}},"41":{"start":{"line":199,"column":26},"end":{"line":199,"column":null}},"42":{"start":{"line":201,"column":24},"end":{"line":254,"column":null}},"43":{"start":{"line":205,"column":44},"end":{"line":205,"column":null}}},"fnMap":{"0":{"name":"Sidebar","decl":{"start":{"line":31,"column":24},"end":{"line":31,"column":32}},"loc":{"start":{"line":36,"column":17},"end":{"line":267,"column":null}},"line":36},"1":{"name":"(anonymous_1)","decl":{"start":{"line":47,"column":2},"end":{"line":47,"column":18}},"loc":{"start":{"line":47,"column":18},"end":{"line":57,"column":5}},"line":47},"2":{"name":"(anonymous_2)","decl":{"start":{"line":60,"column":2},"end":{"line":60,"column":18}},"loc":{"start":{"line":60,"column":18},"end":{"line":68,"column":5}},"line":60},"3":{"name":"(anonymous_3)","decl":{"start":{"line":70,"column":25},"end":{"line":70,"column":43}},"loc":{"start":{"line":70,"column":43},"end":{"line":72,"column":5}},"line":70},"4":{"name":"(anonymous_4)","decl":{"start":{"line":71,"column":4},"end":{"line":71,"column":20}},"loc":{"start":{"line":71,"column":29},"end":{"line":71,"column":34}},"line":71},"5":{"name":"(anonymous_5)","decl":{"start":{"line":74,"column":8},"end":{"line":74,"column":25}},"loc":{"start":{"line":74,"column":47},"end":{"line":80,"column":null}},"line":74},"6":{"name":"(anonymous_6)","decl":{"start":{"line":75,"column":4},"end":{"line":75,"column":25}},"loc":{"start":{"line":75,"column":34},"end":{"line":79,"column":5}},"line":75},"7":{"name":"(anonymous_7)","decl":{"start":{"line":86,"column":32},"end":{"line":86,"column":40}},"loc":{"start":{"line":86,"column":52},"end":{"line":86,"column":77}},"line":86},"8":{"name":"(anonymous_8)","decl":{"start":{"line":90,"column":34},"end":{"line":90,"column":40}},"loc":{"start":{"line":90,"column":47},"end":{"line":90,"column":73}},"line":90},"9":{"name":"(anonymous_9)","decl":{"start":{"line":107,"column":6},"end":{"line":107,"column":26}},"loc":{"start":{"line":107,"column":26},"end":{"line":107,"column":null}},"line":107},"10":{"name":"(anonymous_10)","decl":{"start":{"line":108,"column":6},"end":{"line":108,"column":26}},"loc":{"start":{"line":108,"column":26},"end":{"line":108,"column":null}},"line":108},"11":{"name":"(anonymous_11)","decl":{"start":{"line":150,"column":22},"end":{"line":150,"column":27}},"loc":{"start":{"line":150,"column":48},"end":{"line":261,"column":13}},"line":150},"12":{"name":"(anonymous_12)","decl":{"start":{"line":163,"column":20},"end":{"line":163,"column":30}},"loc":{"start":{"line":163,"column":36},"end":{"line":166,"column":null}},"line":163},"13":{"name":"(anonymous_13)","decl":{"start":{"line":194,"column":39},"end":{"line":194,"column":44}},"loc":{"start":{"line":194,"column":63},"end":{"line":256,"column":23}},"line":194},"14":{"name":"(anonymous_14)","decl":{"start":{"line":205,"column":28},"end":{"line":205,"column":38}},"loc":{"start":{"line":205,"column":44},"end":{"line":205,"column":null}},"line":205}},"branchMap":{"0":{"loc":{"start":{"line":43,"column":4},"end":{"line":43,"column":null}},"type":"cond-expr","locations":[{"start":{"line":43,"column":23},"end":{"line":43,"column":53}},{"start":{"line":43,"column":53},"end":{"line":43,"column":null}}],"line":43},"1":{"loc":{"start":{"line":51,"column":6},"end":{"line":53,"column":null}},"type":"if","locations":[{"start":{"line":51,"column":6},"end":{"line":53,"column":null}},{"start":{},"end":{}}],"line":51},"2":{"loc":{"start":{"line":61,"column":4},"end":{"line":67,"column":null}},"type":"if","locations":[{"start":{"line":61,"column":4},"end":{"line":67,"column":null}},{"start":{},"end":{}}],"line":61},"3":{"loc":{"start":{"line":77,"column":6},"end":{"line":77,"column":null}},"type":"cond-expr","locations":[{"start":{"line":77,"column":28},"end":{"line":77,"column":53}},{"start":{"line":77,"column":53},"end":{"line":77,"column":null}}],"line":77},"4":{"loc":{"start":{"line":83,"column":30},"end":{"line":83,"column":null}},"type":"binary-expr","locations":[{"start":{"line":83,"column":30},"end":{"line":83,"column":45}},{"start":{"line":83,"column":45},"end":{"line":83,"column":null}}],"line":83},"5":{"loc":{"start":{"line":84,"column":23},"end":{"line":84,"column":null}},"type":"cond-expr","locations":[{"start":{"line":84,"column":45},"end":{"line":84,"column":50}},{"start":{"line":84,"column":50},"end":{"line":84,"column":null}}],"line":84},"6":{"loc":{"start":{"line":104,"column":16},"end":{"line":104,"column":null}},"type":"cond-expr","locations":[{"start":{"line":104,"column":38},"end":{"line":104,"column":50}},{"start":{"line":104,"column":50},"end":{"line":104,"column":null}}],"line":104},"7":{"loc":{"start":{"line":111,"column":7},"end":{"line":129,"column":7}},"type":"binary-expr","locations":[{"start":{"line":111,"column":7},"end":{"line":111,"column":null}},{"start":{"line":112,"column":8},"end":{"line":129,"column":7}}],"line":111},"8":{"loc":{"start":{"line":116,"column":11},"end":{"line":123,"column":null}},"type":"binary-expr","locations":[{"start":{"line":116,"column":11},"end":{"line":116,"column":null}},{"start":{"line":117,"column":12},"end":{"line":123,"column":null}}],"line":116},"9":{"loc":{"start":{"line":133,"column":19},"end":{"line":133,"column":null}},"type":"cond-expr","locations":[{"start":{"line":133,"column":41},"end":{"line":133,"column":45}},{"start":{"line":133,"column":45},"end":{"line":133,"column":null}}],"line":133},"10":{"loc":{"start":{"line":135,"column":25},"end":{"line":135,"column":null}},"type":"cond-expr","locations":[{"start":{"line":135,"column":47},"end":{"line":135,"column":56}},{"start":{"line":135,"column":56},"end":{"line":135,"column":null}}],"line":135},"11":{"loc":{"start":{"line":159,"column":28},"end":{"line":159,"column":null}},"type":"cond-expr","locations":[{"start":{"line":159,"column":47},"end":{"line":159,"column":80}},{"start":{"line":159,"column":80},"end":{"line":159,"column":null}}],"line":159},"12":{"loc":{"start":{"line":169,"column":39},"end":{"line":169,"column":null}},"type":"cond-expr","locations":[{"start":{"line":169,"column":58},"end":{"line":169,"column":81}},{"start":{"line":169,"column":81},"end":{"line":169,"column":null}}],"line":169},"13":{"loc":{"start":{"line":176,"column":38},"end":{"line":176,"column":83}},"type":"cond-expr","locations":[{"start":{"line":176,"column":57},"end":{"line":176,"column":73}},{"start":{"line":176,"column":73},"end":{"line":176,"column":83}}],"line":176},"14":{"loc":{"start":{"line":192,"column":19},"end":{"line":259,"column":null}},"type":"binary-expr","locations":[{"start":{"line":192,"column":19},"end":{"line":192,"column":null}},{"start":{"line":193,"column":20},"end":{"line":259,"column":null}}],"line":192},"15":{"loc":{"start":{"line":196,"column":26},"end":{"line":197,"column":null}},"type":"binary-expr","locations":[{"start":{"line":196,"column":26},"end":{"line":196,"column":null}},{"start":{"line":197,"column":26},"end":{"line":197,"column":null}}],"line":196},"16":{"loc":{"start":{"line":208,"column":47},"end":{"line":210,"column":null}},"type":"cond-expr","locations":[{"start":{"line":209,"column":34},"end":{"line":209,"column":null}},{"start":{"line":210,"column":34},"end":{"line":210,"column":null}}],"line":208},"17":{"loc":{"start":{"line":211,"column":42},"end":{"line":213,"column":null}},"type":"cond-expr","locations":[{"start":{"line":212,"column":34},"end":{"line":212,"column":null}},{"start":{"line":213,"column":34},"end":{"line":213,"column":null}}],"line":211},"18":{"loc":{"start":{"line":218,"column":37},"end":{"line":218,"column":null}},"type":"cond-expr","locations":[{"start":{"line":218,"column":57},"end":{"line":218,"column":65}},{"start":{"line":218,"column":65},"end":{"line":218,"column":null}}],"line":218},"19":{"loc":{"start":{"line":224,"column":39},"end":{"line":224,"column":null}},"type":"cond-expr","locations":[{"start":{"line":224,"column":51},"end":{"line":224,"column":60}},{"start":{"line":224,"column":60},"end":{"line":224,"column":null}}],"line":224},"20":{"loc":{"start":{"line":225,"column":44},"end":{"line":225,"column":null}},"type":"cond-expr","locations":[{"start":{"line":225,"column":56},"end":{"line":225,"column":62}},{"start":{"line":225,"column":62},"end":{"line":225,"column":null}}],"line":225},"21":{"loc":{"start":{"line":235,"column":34},"end":{"line":239,"column":null}},"type":"cond-expr","locations":[{"start":{"line":236,"column":38},"end":{"line":236,"column":null}},{"start":{"line":237,"column":38},"end":{"line":239,"column":null}}],"line":235},"22":{"loc":{"start":{"line":237,"column":38},"end":{"line":239,"column":null}},"type":"cond-expr","locations":[{"start":{"line":238,"column":40},"end":{"line":238,"column":null}},{"start":{"line":239,"column":40},"end":{"line":239,"column":null}}],"line":237},"23":{"loc":{"start":{"line":241,"column":34},"end":{"line":245,"column":null}},"type":"cond-expr","locations":[{"start":{"line":242,"column":38},"end":{"line":242,"column":null}},{"start":{"line":243,"column":38},"end":{"line":245,"column":null}}],"line":241},"24":{"loc":{"start":{"line":243,"column":38},"end":{"line":245,"column":null}},"type":"cond-expr","locations":[{"start":{"line":244,"column":40},"end":{"line":244,"column":null}},{"start":{"line":245,"column":40},"end":{"line":245,"column":null}}],"line":243},"25":{"loc":{"start":{"line":248,"column":31},"end":{"line":252,"column":null}},"type":"cond-expr","locations":[{"start":{"line":249,"column":34},"end":{"line":249,"column":null}},{"start":{"line":250,"column":34},"end":{"line":252,"column":null}}],"line":248},"26":{"loc":{"start":{"line":250,"column":34},"end":{"line":252,"column":null}},"type":"cond-expr","locations":[{"start":{"line":251,"column":36},"end":{"line":251,"column":null}},{"start":{"line":252,"column":36},"end":{"line":252,"column":null}}],"line":250}},"s":{"0":1,"1":1,"2":1,"3":16,"4":16,"5":16,"6":16,"7":16,"8":15,"9":15,"10":15,"11":15,"12":0,"13":16,"14":15,"15":15,"16":15,"17":16,"18":0,"19":0,"20":16,"21":1,"22":1,"23":1,"24":1,"25":16,"26":16,"27":16,"28":31,"29":16,"30":16,"31":22,"32":16,"33":0,"34":0,"35":31,"36":31,"37":31,"38":1,"39":1,"40":17,"41":17,"42":17,"43":0},"f":{"0":16,"1":15,"2":15,"3":0,"4":0,"5":1,"6":1,"7":31,"8":22,"9":0,"10":0,"11":31,"12":1,"13":17,"14":0},"b":{"0":[10,6],"1":[0,15],"2":[15,0],"3":[1,0],"4":[16,0],"5":[0,16],"6":[0,16],"7":[16,0],"8":[0,0],"9":[0,16],"10":[0,16],"11":[10,21],"12":[10,21],"13":[10,21],"14":[31,9],"15":[17,17],"16":[0,17],"17":[0,17],"18":[2,15],"19":[0,17],"20":[0,17],"21":[8,9],"22":[8,1],"23":[8,9],"24":[8,1],"25":[8,9],"26":[8,1]},"meta":{"lastBranch":27,"lastFunction":15,"lastStatement":44,"seen":{"s:20:30:20:Infinity":0,"s:21:22:21:Infinity":1,"s:22:20:22:Infinity":2,"f:31:24:31:32":0,"s:38:40:38:Infinity":3,"s:39:36:39:Infinity":4,"s:40:21:40:Infinity":5,"s:42:50:44:Infinity":6,"b:43:23:43:53:43:53:43:Infinity":0,"s:47:2:57:Infinity":7,"f:47:2:47:18":1,"s:48:4:48:Infinity":8,"s:49:4:56:Infinity":9,"s:50:21:50:Infinity":10,"b:51:6:53:Infinity:undefined:undefined:undefined:undefined":1,"s:51:6:53:Infinity":11,"s:52:8:52:Infinity":12,"s:60:2:68:Infinity":13,"f:60:2:60:18":2,"b:61:4:67:Infinity:undefined:undefined:undefined:undefined":2,"s:61:4:67:Infinity":14,"s:62:6:66:Infinity":15,"s:63:8:63:Infinity":16,"s:70:25:72:Infinity":17,"f:70:25:70:43":3,"s:71:4:71:Infinity":18,"f:71:4:71:20":4,"s:71:29:71:34":19,"s:74:8:80:Infinity":20,"f:74:8:74:25":5,"s:75:4:79:Infinity":21,"f:75:4:75:25":6,"s:76:19:76:Infinity":22,"s:77:6:77:Infinity":23,"b:77:28:77:53:77:53:77:Infinity":3,"s:78:6:78:Infinity":24,"s:83:30:83:Infinity":25,"b:83:30:83:45:83:45:83:Infinity":4,"s:84:23:84:Infinity":26,"b:84:45:84:50:84:50:84:Infinity":5,"s:86:23:86:Infinity":27,"f:86:32:86:40":7,"s:86:52:86:77":28,"s:87:25:87:Infinity":29,"s:90:25:90:Infinity":30,"f:90:34:90:40":8,"s:90:47:90:73":31,"s:92:2:265:Infinity":32,"b:104:38:104:50:104:50:104:Infinity":6,"f:107:6:107:26":9,"s:107:26:107:Infinity":33,"f:108:6:108:26":10,"s:108:26:108:Infinity":34,"b:111:7:111:Infinity:112:8:129:7":7,"b:116:11:116:Infinity:117:12:123:Infinity":8,"b:133:41:133:45:133:45:133:Infinity":9,"b:135:47:135:56:135:56:135:Infinity":10,"f:150:22:150:27":11,"s:151:33:151:Infinity":35,"s:152:39:152:Infinity":36,"s:154:14:259:Infinity":37,"b:159:47:159:80:159:80:159:Infinity":11,"f:163:20:163:30":12,"s:164:22:164:Infinity":38,"s:165:22:165:Infinity":39,"b:169:58:169:81:169:81:169:Infinity":12,"b:176:57:176:73:176:73:176:83":13,"b:192:19:192:Infinity:193:20:259:Infinity":14,"f:194:39:194:44":13,"s:196:26:197:Infinity":40,"b:196:26:196:Infinity:197:26:197:Infinity":15,"s:199:26:199:Infinity":41,"s:201:24:254:Infinity":42,"f:205:28:205:38":14,"s:205:44:205:Infinity":43,"b:209:34:209:Infinity:210:34:210:Infinity":16,"b:212:34:212:Infinity:213:34:213:Infinity":17,"b:218:57:218:65:218:65:218:Infinity":18,"b:224:51:224:60:224:60:224:Infinity":19,"b:225:56:225:62:225:62:225:Infinity":20,"b:236:38:236:Infinity:237:38:239:Infinity":21,"b:238:40:238:Infinity:239:40:239:Infinity":22,"b:242:38:242:Infinity:243:38:245:Infinity":23,"b:244:40:244:Infinity:245:40:245:Infinity":24,"b:249:34:249:Infinity:250:34:252:Infinity":25,"b:251:36:251:Infinity:252:36:252:Infinity":26},"fnNames":{}}}
,"D:\\project\\pythonWebsite\\src\\components\\ui\\SkeletonCard.tsx": {"path":"D:\\project\\pythonWebsite\\src\\components\\ui\\SkeletonCard.tsx","statementMap":{"0":{"start":{"line":16,"column":2},"end":{"line":55,"column":null}}},"fnMap":{"0":{"name":"SkeletonCard","decl":{"start":{"line":15,"column":24},"end":{"line":15,"column":39}},"loc":{"start":{"line":15,"column":39},"end":{"line":57,"column":null}},"line":15}},"branchMap":{},"s":{"0":0},"f":{"0":0},"b":{},"meta":{"lastBranch":0,"lastFunction":1,"lastStatement":1,"seen":{"f:15:24:15:39":0,"s:16:2:55:Infinity":0},"fnNames":{}}}
,"D:\\project\\pythonWebsite\\src\\hooks\\useProgress.ts": {"path":"D:\\project\\pythonWebsite\\src\\hooks\\useProgress.ts","statementMap":{"0":{"start":{"line":19,"column":20},"end":{"line":19,"column":null}},"1":{"start":{"line":27,"column":2},"end":{"line":32,"column":null}},"2":{"start":{"line":41,"column":2},"end":{"line":49,"column":null}},"3":{"start":{"line":42,"column":19},"end":{"line":42,"column":null}},"4":{"start":{"line":43,"column":4},"end":{"line":45,"column":null}},"5":{"start":{"line":44,"column":6},"end":{"line":44,"column":null}},"6":{"start":{"line":48,"column":4},"end":{"line":48,"column":null}},"7":{"start":{"line":50,"column":2},"end":{"line":50,"column":null}},"8":{"start":{"line":59,"column":2},"end":{"line":65,"column":null}},"9":{"start":{"line":61,"column":4},"end":{"line":61,"column":null}},"10":{"start":{"line":62,"column":4},"end":{"line":62,"column":null}},"11":{"start":{"line":64,"column":4},"end":{"line":64,"column":null}},"12":{"start":{"line":81,"column":34},"end":{"line":87,"column":null}},"13":{"start":{"line":83,"column":4},"end":{"line":85,"column":null}},"14":{"start":{"line":84,"column":6},"end":{"line":84,"column":null}},"15":{"start":{"line":86,"column":4},"end":{"line":86,"column":null}},"16":{"start":{"line":93,"column":2},"end":{"line":97,"column":null}},"17":{"start":{"line":95,"column":27},"end":{"line":95,"column":null}},"18":{"start":{"line":96,"column":4},"end":{"line":96,"column":null}},"19":{"start":{"line":104,"column":23},"end":{"line":122,"column":null}},"20":{"start":{"line":105,"column":4},"end":{"line":121,"column":null}},"21":{"start":{"line":106,"column":22},"end":{"line":117,"column":null}},"22":{"start":{"line":119,"column":6},"end":{"line":119,"column":null}},"23":{"start":{"line":120,"column":6},"end":{"line":120,"column":null}},"24":{"start":{"line":129,"column":25},"end":{"line":140,"column":null}},"25":{"start":{"line":130,"column":4},"end":{"line":139,"column":null}},"26":{"start":{"line":131,"column":41},"end":{"line":131,"column":null}},"27":{"start":{"line":132,"column":22},"end":{"line":136,"column":null}},"28":{"start":{"line":137,"column":6},"end":{"line":137,"column":null}},"29":{"start":{"line":138,"column":6},"end":{"line":138,"column":null}},"30":{"start":{"line":146,"column":24},"end":{"line":150,"column":null}},"31":{"start":{"line":147,"column":28},"end":{"line":147,"column":null}},"32":{"start":{"line":148,"column":4},"end":{"line":148,"column":null}},"33":{"start":{"line":149,"column":4},"end":{"line":149,"column":null}},"34":{"start":{"line":158,"column":22},"end":{"line":163,"column":null}},"35":{"start":{"line":160,"column":6},"end":{"line":160,"column":null}},"36":{"start":{"line":165,"column":2},"end":{"line":180,"column":null}}},"fnMap":{"0":{"name":"createDefaultProgress","decl":{"start":{"line":26,"column":9},"end":{"line":26,"column":43}},"loc":{"start":{"line":26,"column":43},"end":{"line":33,"column":null}},"line":26},"1":{"name":"loadProgress","decl":{"start":{"line":40,"column":9},"end":{"line":40,"column":34}},"loc":{"start":{"line":40,"column":34},"end":{"line":51,"column":null}},"line":40},"2":{"name":"saveProgress","decl":{"start":{"line":58,"column":9},"end":{"line":58,"column":22}},"loc":{"start":{"line":58,"column":48},"end":{"line":66,"column":null}},"line":58},"3":{"name":"useProgress","decl":{"start":{"line":79,"column":16},"end":{"line":79,"column":30}},"loc":{"start":{"line":79,"column":30},"end":{"line":181,"column":null}},"line":79},"4":{"name":"(anonymous_4)","decl":{"start":{"line":81,"column":34},"end":{"line":81,"column":59}},"loc":{"start":{"line":81,"column":59},"end":{"line":87,"column":3}},"line":81},"5":{"name":"(anonymous_5)","decl":{"start":{"line":93,"column":2},"end":{"line":93,"column":18}},"loc":{"start":{"line":93,"column":18},"end":{"line":97,"column":5}},"line":93},"6":{"name":"(anonymous_6)","decl":{"start":{"line":104,"column":23},"end":{"line":104,"column":36}},"loc":{"start":{"line":104,"column":57},"end":{"line":122,"column":5}},"line":104},"7":{"name":"(anonymous_7)","decl":{"start":{"line":105,"column":4},"end":{"line":105,"column":17}},"loc":{"start":{"line":105,"column":26},"end":{"line":121,"column":5}},"line":105},"8":{"name":"(anonymous_8)","decl":{"start":{"line":129,"column":25},"end":{"line":129,"column":38}},"loc":{"start":{"line":129,"column":59},"end":{"line":140,"column":5}},"line":129},"9":{"name":"(anonymous_9)","decl":{"start":{"line":130,"column":4},"end":{"line":130,"column":17}},"loc":{"start":{"line":130,"column":26},"end":{"line":139,"column":5}},"line":130},"10":{"name":"(anonymous_10)","decl":{"start":{"line":146,"column":24},"end":{"line":146,"column":42}},"loc":{"start":{"line":146,"column":42},"end":{"line":150,"column":5}},"line":146},"11":{"name":"(anonymous_11)","decl":{"start":{"line":158,"column":22},"end":{"line":158,"column":null}},"loc":{"start":{"line":159,"column":35},"end":{"line":161,"column":null}},"line":159}},"branchMap":{"0":{"loc":{"start":{"line":43,"column":4},"end":{"line":45,"column":null}},"type":"if","locations":[{"start":{"line":43,"column":4},"end":{"line":45,"column":null}},{"start":{},"end":{}}],"line":43},"1":{"loc":{"start":{"line":83,"column":4},"end":{"line":85,"column":null}},"type":"if","locations":[{"start":{"line":83,"column":4},"end":{"line":85,"column":null}},{"start":{},"end":{}}],"line":83}},"s":{"0":1,"1":36,"2":36,"3":36,"4":36,"5":4,"6":2,"7":34,"8":21,"9":21,"10":21,"11":0,"12":50,"13":18,"14":0,"15":18,"16":50,"17":18,"18":18,"19":50,"20":17,"21":17,"22":17,"23":17,"24":50,"25":2,"26":2,"27":2,"28":2,"29":2,"30":50,"31":2,"32":2,"33":2,"34":50,"35":9,"36":50},"f":{"0":36,"1":36,"2":21,"3":50,"4":18,"5":18,"6":17,"7":17,"8":2,"9":2,"10":2,"11":9},"b":{"0":[4,32],"1":[0,18]},"meta":{"lastBranch":2,"lastFunction":12,"lastStatement":37,"seen":{"s:19:20:19:Infinity":0,"f:26:9:26:43":0,"s:27:2:32:Infinity":1,"f:40:9:40:34":1,"s:41:2:49:Infinity":2,"s:42:19:42:Infinity":3,"b:43:4:45:Infinity:undefined:undefined:undefined:undefined":0,"s:43:4:45:Infinity":4,"s:44:6:44:Infinity":5,"s:48:4:48:Infinity":6,"s:50:2:50:Infinity":7,"f:58:9:58:22":2,"s:59:2:65:Infinity":8,"s:61:4:61:Infinity":9,"s:62:4:62:Infinity":10,"s:64:4:64:Infinity":11,"f:79:16:79:30":3,"s:81:34:87:Infinity":12,"f:81:34:81:59":4,"b:83:4:85:Infinity:undefined:undefined:undefined:undefined":1,"s:83:4:85:Infinity":13,"s:84:6:84:Infinity":14,"s:86:4:86:Infinity":15,"s:93:2:97:Infinity":16,"f:93:2:93:18":5,"s:95:27:95:Infinity":17,"s:96:4:96:Infinity":18,"s:104:23:122:Infinity":19,"f:104:23:104:36":6,"s:105:4:121:Infinity":20,"f:105:4:105:17":7,"s:106:22:117:Infinity":21,"s:119:6:119:Infinity":22,"s:120:6:120:Infinity":23,"s:129:25:140:Infinity":24,"f:129:25:129:38":8,"s:130:4:139:Infinity":25,"f:130:4:130:17":9,"s:131:41:131:Infinity":26,"s:132:22:136:Infinity":27,"s:137:6:137:Infinity":28,"s:138:6:138:Infinity":29,"s:146:24:150:Infinity":30,"f:146:24:146:42":10,"s:147:28:147:Infinity":31,"s:148:4:148:Infinity":32,"s:149:4:149:Infinity":33,"s:158:22:163:Infinity":34,"f:158:22:158:Infinity":11,"s:160:6:160:Infinity":35,"s:165:2:180:Infinity":36},"fnNames":{}}}
,"D:\\project\\pythonWebsite\\src\\hooks\\usePyodide.ts": {"path":"D:\\project\\pythonWebsite\\src\\hooks\\usePyodide.ts","statementMap":{"0":{"start":{"line":53,"column":37},"end":{"line":53,"column":null}},"1":{"start":{"line":55,"column":49},"end":{"line":55,"column":null}},"2":{"start":{"line":61,"column":26},"end":{"line":61,"column":null}},"3":{"start":{"line":62,"column":28},"end":{"line":62,"column":null}},"4":{"start":{"line":63,"column":24},"end":{"line":63,"column":null}},"5":{"start":{"line":64,"column":26},"end":{"line":64,"column":null}},"6":{"start":{"line":74,"column":2},"end":{"line":85,"column":null}},"7":{"start":{"line":75,"column":19},"end":{"line":75,"column":null}},"8":{"start":{"line":76,"column":4},"end":{"line":76,"column":null}},"9":{"start":{"line":77,"column":4},"end":{"line":77,"column":null}},"10":{"start":{"line":78,"column":4},"end":{"line":81,"column":null}},"11":{"start":{"line":79,"column":6},"end":{"line":79,"column":null}},"12":{"start":{"line":80,"column":6},"end":{"line":80,"column":null}},"13":{"start":{"line":82,"column":4},"end":{"line":83,"column":null}},"14":{"start":{"line":83,"column":6},"end":{"line":83,"column":null}},"15":{"start":{"line":84,"column":4},"end":{"line":84,"column":null}},"16":{"start":{"line":92,"column":14},"end":{"line":92,"column":null}},"17":{"start":{"line":93,"column":24},"end":{"line":93,"column":null}},"18":{"start":{"line":97,"column":2},"end":{"line":99,"column":null}},"19":{"start":{"line":98,"column":4},"end":{"line":98,"column":null}},"20":{"start":{"line":101,"column":2},"end":{"line":101,"column":null}},"21":{"start":{"line":102,"column":2},"end":{"line":109,"column":null}},"22":{"start":{"line":103,"column":21},"end":{"line":103,"column":null}},"23":{"start":{"line":104,"column":4},"end":{"line":104,"column":null}},"24":{"start":{"line":105,"column":4},"end":{"line":105,"column":null}},"25":{"start":{"line":107,"column":4},"end":{"line":107,"column":null}},"26":{"start":{"line":108,"column":4},"end":{"line":108,"column":null}},"27":{"start":{"line":116,"column":2},"end":{"line":116,"column":null}},"28":{"start":{"line":117,"column":14},"end":{"line":117,"column":null}},"29":{"start":{"line":119,"column":2},"end":{"line":124,"column":null}},"30":{"start":{"line":120,"column":4},"end":{"line":120,"column":null}},"31":{"start":{"line":121,"column":4},"end":{"line":121,"column":null}},"32":{"start":{"line":123,"column":4},"end":{"line":123,"column":null}},"33":{"start":{"line":126,"column":2},"end":{"line":126,"column":null}},"34":{"start":{"line":133,"column":2},"end":{"line":133,"column":null}},"35":{"start":{"line":134,"column":14},"end":{"line":134,"column":null}},"36":{"start":{"line":136,"column":2},"end":{"line":141,"column":null}},"37":{"start":{"line":137,"column":4},"end":{"line":137,"column":null}},"38":{"start":{"line":138,"column":4},"end":{"line":138,"column":null}},"39":{"start":{"line":140,"column":4},"end":{"line":140,"column":null}},"40":{"start":{"line":143,"column":2},"end":{"line":143,"column":null}},"41":{"start":{"line":152,"column":2},"end":{"line":155,"column":null}},"42":{"start":{"line":153,"column":4},"end":{"line":153,"column":null}},"43":{"start":{"line":154,"column":4},"end":{"line":154,"column":null}},"44":{"start":{"line":158,"column":2},"end":{"line":161,"column":null}},"45":{"start":{"line":159,"column":4},"end":{"line":159,"column":null}},"46":{"start":{"line":160,"column":4},"end":{"line":160,"column":null}},"47":{"start":{"line":163,"column":2},"end":{"line":163,"column":null}},"48":{"start":{"line":165,"column":2},"end":{"line":186,"column":null}},"49":{"start":{"line":166,"column":4},"end":{"line":185,"column":null}},"50":{"start":{"line":167,"column":23},"end":{"line":167,"column":null}},"51":{"start":{"line":168,"column":6},"end":{"line":168,"column":null}},"52":{"start":{"line":169,"column":6},"end":{"line":169,"column":null}},"53":{"start":{"line":170,"column":6},"end":{"line":170,"column":null}},"54":{"start":{"line":172,"column":6},"end":{"line":172,"column":null}},"55":{"start":{"line":173,"column":6},"end":{"line":184,"column":null}},"56":{"start":{"line":174,"column":25},"end":{"line":174,"column":null}},"57":{"start":{"line":175,"column":8},"end":{"line":175,"column":null}},"58":{"start":{"line":176,"column":8},"end":{"line":176,"column":null}},"59":{"start":{"line":177,"column":8},"end":{"line":177,"column":null}},"60":{"start":{"line":179,"column":25},"end":{"line":179,"column":null}},"61":{"start":{"line":180,"column":23},"end":{"line":180,"column":null}},"62":{"start":{"line":181,"column":24},"end":{"line":181,"column":null}},"63":{"start":{"line":182,"column":8},"end":{"line":182,"column":null}},"64":{"start":{"line":183,"column":8},"end":{"line":183,"column":null}},"65":{"start":{"line":188,"column":2},"end":{"line":188,"column":null}},"66":{"start":{"line":202,"column":32},"end":{"line":202,"column":null}},"67":{"start":{"line":203,"column":36},"end":{"line":203,"column":null}},"68":{"start":{"line":204,"column":28},"end":{"line":204,"column":null}},"69":{"start":{"line":207,"column":23},"end":{"line":207,"column":null}},"70":{"start":{"line":209,"column":2},"end":{"line":264,"column":null}},"71":{"start":{"line":210,"column":4},"end":{"line":210,"column":null}},"72":{"start":{"line":213,"column":4},"end":{"line":219,"column":null}},"73":{"start":{"line":214,"column":6},"end":{"line":214,"column":null}},"74":{"start":{"line":215,"column":6},"end":{"line":215,"column":null}},"75":{"start":{"line":216,"column":6},"end":{"line":216,"column":null}},"76":{"start":{"line":217,"column":6},"end":{"line":217,"column":null}},"77":{"start":{"line":218,"column":6},"end":{"line":218,"column":null}},"78":{"start":{"line":222,"column":4},"end":{"line":240,"column":null}},"79":{"start":{"line":223,"column":6},"end":{"line":223,"column":null}},"80":{"start":{"line":224,"column":6},"end":{"line":238,"column":null}},"81":{"start":{"line":226,"column":10},"end":{"line":230,"column":null}},"82":{"start":{"line":227,"column":12},"end":{"line":227,"column":null}},"83":{"start":{"line":228,"column":12},"end":{"line":228,"column":null}},"84":{"start":{"line":229,"column":12},"end":{"line":229,"column":null}},"85":{"start":{"line":233,"column":10},"end":{"line":237,"column":null}},"86":{"start":{"line":234,"column":28},"end":{"line":234,"column":null}},"87":{"start":{"line":235,"column":12},"end":{"line":235,"column":null}},"88":{"start":{"line":236,"column":12},"end":{"line":236,"column":null}},"89":{"start":{"line":239,"column":6},"end":{"line":239,"column":null}},"90":{"start":{"line":243,"column":4},"end":{"line":243,"column":null}},"91":{"start":{"line":244,"column":4},"end":{"line":259,"column":null}},"92":{"start":{"line":246,"column":8},"end":{"line":250,"column":null}},"93":{"start":{"line":247,"column":10},"end":{"line":247,"column":null}},"94":{"start":{"line":248,"column":10},"end":{"line":248,"column":null}},"95":{"start":{"line":249,"column":10},"end":{"line":249,"column":null}},"96":{"start":{"line":253,"column":8},"end":{"line":258,"column":null}},"97":{"start":{"line":254,"column":26},"end":{"line":254,"column":null}},"98":{"start":{"line":255,"column":10},"end":{"line":255,"column":null}},"99":{"start":{"line":256,"column":10},"end":{"line":256,"column":null}},"100":{"start":{"line":257,"column":10},"end":{"line":257,"column":null}},"101":{"start":{"line":261,"column":4},"end":{"line":263,"column":null}},"102":{"start":{"line":262,"column":6},"end":{"line":262,"column":null}},"103":{"start":{"line":269,"column":20},"end":{"line":310,"column":null}},"104":{"start":{"line":270,"column":4},"end":{"line":276,"column":null}},"105":{"start":{"line":271,"column":6},"end":{"line":275,"column":null}},"106":{"start":{"line":278,"column":34},"end":{"line":278,"column":null}},"107":{"start":{"line":279,"column":34},"end":{"line":279,"column":null}},"108":{"start":{"line":281,"column":4},"end":{"line":309,"column":null}},"109":{"start":{"line":283,"column":16},"end":{"line":283,"column":null}},"110":{"start":{"line":289,"column":6},"end":{"line":289,"column":null}},"111":{"start":{"line":289,"column":47},"end":{"line":289,"column":70}},"112":{"start":{"line":290,"column":6},"end":{"line":290,"column":null}},"113":{"start":{"line":290,"column":47},"end":{"line":290,"column":70}},"114":{"start":{"line":292,"column":6},"end":{"line":292,"column":null}},"115":{"start":{"line":293,"column":21},"end":{"line":293,"column":null}},"116":{"start":{"line":294,"column":6},"end":{"line":294,"column":null}},"117":{"start":{"line":296,"column":6},"end":{"line":300,"column":null}},"118":{"start":{"line":302,"column":22},"end":{"line":302,"column":null}},"119":{"start":{"line":303,"column":6},"end":{"line":303,"column":null}},"120":{"start":{"line":304,"column":6},"end":{"line":308,"column":null}},"121":{"start":{"line":312,"column":2},"end":{"line":317,"column":null}}},"fnMap":{"0":{"name":"injectScript","decl":{"start":{"line":73,"column":9},"end":{"line":73,"column":22}},"loc":{"start":{"line":73,"column":65},"end":{"line":86,"column":null}},"line":73},"1":{"name":"(anonymous_1)","decl":{"start":{"line":74,"column":13},"end":{"line":74,"column":22}},"loc":{"start":{"line":74,"column":42},"end":{"line":85,"column":3}},"line":74},"2":{"name":"(anonymous_2)","decl":{"start":{"line":78,"column":11},"end":{"line":78,"column":26}},"loc":{"start":{"line":78,"column":26},"end":{"line":81,"column":null}},"line":78},"3":{"name":"(anonymous_3)","decl":{"start":{"line":82,"column":11},"end":{"line":82,"column":null}},"loc":{"start":{"line":83,"column":6},"end":{"line":83,"column":null}},"line":83},"4":{"name":"initPyodide","decl":{"start":{"line":91,"column":15},"end":{"line":91,"column":27}},"loc":{"start":{"line":91,"column":63},"end":{"line":110,"column":null}},"line":91},"5":{"name":"loadFromLocal","decl":{"start":{"line":115,"column":15},"end":{"line":115,"column":49}},"loc":{"start":{"line":115,"column":49},"end":{"line":127,"column":null}},"line":115},"6":{"name":"loadFromCDN","decl":{"start":{"line":132,"column":15},"end":{"line":132,"column":47}},"loc":{"start":{"line":132,"column":47},"end":{"line":144,"column":null}},"line":132},"7":{"name":"loadPyodideRuntime","decl":{"start":{"line":150,"column":15},"end":{"line":150,"column":54}},"loc":{"start":{"line":150,"column":54},"end":{"line":189,"column":null}},"line":150},"8":{"name":"(anonymous_8)","decl":{"start":{"line":165,"column":23},"end":{"line":165,"column":35}},"loc":{"start":{"line":165,"column":35},"end":{"line":186,"column":3}},"line":165},"9":{"name":"usePyodide","decl":{"start":{"line":201,"column":16},"end":{"line":201,"column":47}},"loc":{"start":{"line":201,"column":47},"end":{"line":318,"column":null}},"line":201},"10":{"name":"(anonymous_10)","decl":{"start":{"line":209,"column":2},"end":{"line":209,"column":18}},"loc":{"start":{"line":209,"column":18},"end":{"line":264,"column":5}},"line":209},"11":{"name":"(anonymous_11)","decl":{"start":{"line":225,"column":9},"end":{"line":225,"column":15}},"loc":{"start":{"line":225,"column":28},"end":{"line":231,"column":9}},"line":225},"12":{"name":"(anonymous_12)","decl":{"start":{"line":232,"column":9},"end":{"line":232,"column":16}},"loc":{"start":{"line":232,"column":24},"end":{"line":238,"column":9}},"line":232},"13":{"name":"(anonymous_13)","decl":{"start":{"line":245,"column":7},"end":{"line":245,"column":13}},"loc":{"start":{"line":245,"column":26},"end":{"line":251,"column":7}},"line":245},"14":{"name":"(anonymous_14)","decl":{"start":{"line":252,"column":7},"end":{"line":252,"column":14}},"loc":{"start":{"line":252,"column":22},"end":{"line":259,"column":7}},"line":252},"15":{"name":"(anonymous_15)","decl":{"start":{"line":261,"column":4},"end":{"line":261,"column":17}},"loc":{"start":{"line":261,"column":17},"end":{"line":263,"column":null}},"line":261},"16":{"name":"(anonymous_16)","decl":{"start":{"line":269,"column":32},"end":{"line":269,"column":39}},"loc":{"start":{"line":269,"column":80},"end":{"line":310,"column":5}},"line":269},"17":{"name":"(anonymous_17)","decl":{"start":{"line":289,"column":20},"end":{"line":289,"column":30}},"loc":{"start":{"line":289,"column":47},"end":{"line":289,"column":70}},"line":289},"18":{"name":"(anonymous_18)","decl":{"start":{"line":290,"column":20},"end":{"line":290,"column":30}},"loc":{"start":{"line":290,"column":47},"end":{"line":290,"column":70}},"line":290}},"branchMap":{"0":{"loc":{"start":{"line":97,"column":2},"end":{"line":99,"column":null}},"type":"if","locations":[{"start":{"line":97,"column":2},"end":{"line":99,"column":null}},{"start":{},"end":{}}],"line":97},"1":{"loc":{"start":{"line":119,"column":2},"end":{"line":124,"column":null}},"type":"if","locations":[{"start":{"line":119,"column":2},"end":{"line":124,"column":null}},{"start":{"line":122,"column":9},"end":{"line":124,"column":null}}],"line":119},"2":{"loc":{"start":{"line":136,"column":2},"end":{"line":141,"column":null}},"type":"if","locations":[{"start":{"line":136,"column":2},"end":{"line":141,"column":null}},{"start":{"line":139,"column":9},"end":{"line":141,"column":null}}],"line":136},"3":{"loc":{"start":{"line":152,"column":2},"end":{"line":155,"column":null}},"type":"if","locations":[{"start":{"line":152,"column":2},"end":{"line":155,"column":null}},{"start":{},"end":{}}],"line":152},"4":{"loc":{"start":{"line":158,"column":2},"end":{"line":161,"column":null}},"type":"if","locations":[{"start":{"line":158,"column":2},"end":{"line":161,"column":null}},{"start":{},"end":{}}],"line":158},"5":{"loc":{"start":{"line":179,"column":25},"end":{"line":179,"column":null}},"type":"cond-expr","locations":[{"start":{"line":179,"column":53},"end":{"line":179,"column":72}},{"start":{"line":179,"column":72},"end":{"line":179,"column":null}}],"line":179},"6":{"loc":{"start":{"line":180,"column":23},"end":{"line":180,"column":null}},"type":"cond-expr","locations":[{"start":{"line":180,"column":49},"end":{"line":180,"column":66}},{"start":{"line":180,"column":66},"end":{"line":180,"column":null}}],"line":180},"7":{"loc":{"start":{"line":213,"column":4},"end":{"line":219,"column":null}},"type":"if","locations":[{"start":{"line":213,"column":4},"end":{"line":219,"column":null}},{"start":{},"end":{}}],"line":213},"8":{"loc":{"start":{"line":222,"column":4},"end":{"line":240,"column":null}},"type":"if","locations":[{"start":{"line":222,"column":4},"end":{"line":240,"column":null}},{"start":{},"end":{}}],"line":222},"9":{"loc":{"start":{"line":226,"column":10},"end":{"line":230,"column":null}},"type":"if","locations":[{"start":{"line":226,"column":10},"end":{"line":230,"column":null}},{"start":{},"end":{}}],"line":226},"10":{"loc":{"start":{"line":233,"column":10},"end":{"line":237,"column":null}},"type":"if","locations":[{"start":{"line":233,"column":10},"end":{"line":237,"column":null}},{"start":{},"end":{}}],"line":233},"11":{"loc":{"start":{"line":234,"column":28},"end":{"line":234,"column":null}},"type":"cond-expr","locations":[{"start":{"line":234,"column":51},"end":{"line":234,"column":65}},{"start":{"line":234,"column":65},"end":{"line":234,"column":null}}],"line":234},"12":{"loc":{"start":{"line":246,"column":8},"end":{"line":250,"column":null}},"type":"if","locations":[{"start":{"line":246,"column":8},"end":{"line":250,"column":null}},{"start":{},"end":{}}],"line":246},"13":{"loc":{"start":{"line":253,"column":8},"end":{"line":258,"column":null}},"type":"if","locations":[{"start":{"line":253,"column":8},"end":{"line":258,"column":null}},{"start":{},"end":{}}],"line":253},"14":{"loc":{"start":{"line":254,"column":26},"end":{"line":254,"column":null}},"type":"cond-expr","locations":[{"start":{"line":254,"column":49},"end":{"line":254,"column":63}},{"start":{"line":254,"column":63},"end":{"line":254,"column":null}}],"line":254},"15":{"loc":{"start":{"line":270,"column":4},"end":{"line":276,"column":null}},"type":"if","locations":[{"start":{"line":270,"column":4},"end":{"line":276,"column":null}},{"start":{},"end":{}}],"line":270},"16":{"loc":{"start":{"line":302,"column":22},"end":{"line":302,"column":null}},"type":"cond-expr","locations":[{"start":{"line":302,"column":45},"end":{"line":302,"column":59}},{"start":{"line":302,"column":59},"end":{"line":302,"column":null}}],"line":302},"17":{"loc":{"start":{"line":306,"column":40},"end":{"line":306,"column":78}},"type":"cond-expr","locations":[{"start":{"line":306,"column":65},"end":{"line":306,"column":72}},{"start":{"line":306,"column":72},"end":{"line":306,"column":78}}],"line":306}},"s":{"0":22,"1":22,"2":22,"3":22,"4":22,"5":22,"6":0,"7":0,"8":0,"9":0,"10":0,"11":0,"12":0,"13":0,"14":0,"15":0,"16":13,"17":13,"18":13,"19":0,"20":13,"21":13,"22":13,"23":9,"24":9,"25":4,"26":4,"27":11,"28":11,"29":11,"30":0,"31":0,"32":11,"33":11,"34":2,"35":2,"36":2,"37":0,"38":0,"39":2,"40":2,"41":11,"42":0,"43":0,"44":11,"45":0,"46":0,"47":11,"48":11,"49":11,"50":11,"51":9,"52":9,"53":9,"54":2,"55":2,"56":2,"57":0,"58":0,"59":0,"60":2,"61":2,"62":2,"63":2,"64":2,"65":11,"66":18,"67":18,"68":18,"69":18,"70":18,"71":11,"72":11,"73":0,"74":0,"75":0,"76":0,"77":0,"78":11,"79":0,"80":0,"81":0,"82":0,"83":0,"84":0,"85":0,"86":0,"87":0,"88":0,"89":0,"90":11,"91":11,"92":9,"93":9,"94":9,"95":9,"96":2,"97":2,"98":2,"99":2,"100":2,"101":11,"102":11,"103":18,"104":1,"105":0,"106":1,"107":1,"108":1,"109":1,"110":1,"111":1,"112":1,"113":0,"114":1,"115":1,"116":1,"117":1,"118":0,"119":0,"120":0,"121":18},"f":{"0":0,"1":0,"2":0,"3":0,"4":13,"5":11,"6":2,"7":11,"8":11,"9":18,"10":11,"11":0,"12":0,"13":9,"14":2,"15":11,"16":1,"17":1,"18":0},"b":{"0":[0,13],"1":[0,11],"2":[0,2],"3":[0,11],"4":[0,11],"5":[2,0],"6":[2,0],"7":[0,11],"8":[0,11],"9":[0,0],"10":[0,0],"11":[0,0],"12":[9,0],"13":[2,0],"14":[2,0],"15":[0,1],"16":[0,0],"17":[0,0]},"meta":{"lastBranch":18,"lastFunction":19,"lastStatement":122,"seen":{"s:53:37:53:Infinity":0,"s:55:49:55:Infinity":1,"s:61:26:61:Infinity":2,"s:62:28:62:Infinity":3,"s:63:24:63:Infinity":4,"s:64:26:64:Infinity":5,"f:73:9:73:22":0,"s:74:2:85:Infinity":6,"f:74:13:74:22":1,"s:75:19:75:Infinity":7,"s:76:4:76:Infinity":8,"s:77:4:77:Infinity":9,"s:78:4:81:Infinity":10,"f:78:11:78:26":2,"s:79:6:79:Infinity":11,"s:80:6:80:Infinity":12,"s:82:4:83:Infinity":13,"f:82:11:82:Infinity":3,"s:83:6:83:Infinity":14,"s:84:4:84:Infinity":15,"f:91:15:91:27":4,"s:92:14:92:Infinity":16,"s:93:24:93:Infinity":17,"b:97:2:99:Infinity:undefined:undefined:undefined:undefined":0,"s:97:2:99:Infinity":18,"s:98:4:98:Infinity":19,"s:101:2:101:Infinity":20,"s:102:2:109:Infinity":21,"s:103:21:103:Infinity":22,"s:104:4:104:Infinity":23,"s:105:4:105:Infinity":24,"s:107:4:107:Infinity":25,"s:108:4:108:Infinity":26,"f:115:15:115:49":5,"s:116:2:116:Infinity":27,"s:117:14:117:Infinity":28,"b:119:2:124:Infinity:122:9:124:Infinity":1,"s:119:2:124:Infinity":29,"s:120:4:120:Infinity":30,"s:121:4:121:Infinity":31,"s:123:4:123:Infinity":32,"s:126:2:126:Infinity":33,"f:132:15:132:47":6,"s:133:2:133:Infinity":34,"s:134:14:134:Infinity":35,"b:136:2:141:Infinity:139:9:141:Infinity":2,"s:136:2:141:Infinity":36,"s:137:4:137:Infinity":37,"s:138:4:138:Infinity":38,"s:140:4:140:Infinity":39,"s:143:2:143:Infinity":40,"f:150:15:150:54":7,"b:152:2:155:Infinity:undefined:undefined:undefined:undefined":3,"s:152:2:155:Infinity":41,"s:153:4:153:Infinity":42,"s:154:4:154:Infinity":43,"b:158:2:161:Infinity:undefined:undefined:undefined:undefined":4,"s:158:2:161:Infinity":44,"s:159:4:159:Infinity":45,"s:160:4:160:Infinity":46,"s:163:2:163:Infinity":47,"s:165:2:186:Infinity":48,"f:165:23:165:35":8,"s:166:4:185:Infinity":49,"s:167:23:167:Infinity":50,"s:168:6:168:Infinity":51,"s:169:6:169:Infinity":52,"s:170:6:170:Infinity":53,"s:172:6:172:Infinity":54,"s:173:6:184:Infinity":55,"s:174:25:174:Infinity":56,"s:175:8:175:Infinity":57,"s:176:8:176:Infinity":58,"s:177:8:177:Infinity":59,"s:179:25:179:Infinity":60,"b:179:53:179:72:179:72:179:Infinity":5,"s:180:23:180:Infinity":61,"b:180:49:180:66:180:66:180:Infinity":6,"s:181:24:181:Infinity":62,"s:182:8:182:Infinity":63,"s:183:8:183:Infinity":64,"s:188:2:188:Infinity":65,"f:201:16:201:47":9,"s:202:32:202:Infinity":66,"s:203:36:203:Infinity":67,"s:204:28:204:Infinity":68,"s:207:23:207:Infinity":69,"s:209:2:264:Infinity":70,"f:209:2:209:18":10,"s:210:4:210:Infinity":71,"b:213:4:219:Infinity:undefined:undefined:undefined:undefined":7,"s:213:4:219:Infinity":72,"s:214:6:214:Infinity":73,"s:215:6:215:Infinity":74,"s:216:6:216:Infinity":75,"s:217:6:217:Infinity":76,"s:218:6:218:Infinity":77,"b:222:4:240:Infinity:undefined:undefined:undefined:undefined":8,"s:222:4:240:Infinity":78,"s:223:6:223:Infinity":79,"s:224:6:238:Infinity":80,"f:225:9:225:15":11,"b:226:10:230:Infinity:undefined:undefined:undefined:undefined":9,"s:226:10:230:Infinity":81,"s:227:12:227:Infinity":82,"s:228:12:228:Infinity":83,"s:229:12:229:Infinity":84,"f:232:9:232:16":12,"b:233:10:237:Infinity:undefined:undefined:undefined:undefined":10,"s:233:10:237:Infinity":85,"s:234:28:234:Infinity":86,"b:234:51:234:65:234:65:234:Infinity":11,"s:235:12:235:Infinity":87,"s:236:12:236:Infinity":88,"s:239:6:239:Infinity":89,"s:243:4:243:Infinity":90,"s:244:4:259:Infinity":91,"f:245:7:245:13":13,"b:246:8:250:Infinity:undefined:undefined:undefined:undefined":12,"s:246:8:250:Infinity":92,"s:247:10:247:Infinity":93,"s:248:10:248:Infinity":94,"s:249:10:249:Infinity":95,"f:252:7:252:14":14,"b:253:8:258:Infinity:undefined:undefined:undefined:undefined":13,"s:253:8:258:Infinity":96,"s:254:26:254:Infinity":97,"b:254:49:254:63:254:63:254:Infinity":14,"s:255:10:255:Infinity":98,"s:256:10:256:Infinity":99,"s:257:10:257:Infinity":100,"s:261:4:263:Infinity":101,"f:261:4:261:17":15,"s:262:6:262:Infinity":102,"s:269:20:310:Infinity":103,"f:269:32:269:39":16,"b:270:4:276:Infinity:undefined:undefined:undefined:undefined":15,"s:270:4:276:Infinity":104,"s:271:6:275:Infinity":105,"s:278:34:278:Infinity":106,"s:279:34:279:Infinity":107,"s:281:4:309:Infinity":108,"s:283:16:283:Infinity":109,"s:289:6:289:Infinity":110,"f:289:20:289:30":17,"s:289:47:289:70":111,"s:290:6:290:Infinity":112,"f:290:20:290:30":18,"s:290:47:290:70":113,"s:292:6:292:Infinity":114,"s:293:21:293:Infinity":115,"s:294:6:294:Infinity":116,"s:296:6:300:Infinity":117,"s:302:22:302:Infinity":118,"b:302:45:302:59:302:59:302:Infinity":16,"s:303:6:303:Infinity":119,"s:304:6:308:Infinity":120,"b:306:65:306:72:306:72:306:78":17,"s:312:2:317:Infinity":121},"fnNames":{}}}
,"D:\\project\\pythonWebsite\\src\\lib\\content\\chapters.ts": {"path":"D:\\project\\pythonWebsite\\src\\lib\\content\\chapters.ts","statementMap":{"0":{"start":{"line":31,"column":2},"end":{"line":34,"column":null}},"1":{"start":{"line":43,"column":35},"end":{"line":764,"column":null}},"2":{"start":{"line":773,"column":2},"end":{"line":773,"column":null}},"3":{"start":{"line":773,"column":31},"end":{"line":773,"column":50}},"4":{"start":{"line":783,"column":2},"end":{"line":786,"column":null}},"5":{"start":{"line":784,"column":19},"end":{"line":784,"column":null}},"6":{"start":{"line":784,"column":47},"end":{"line":784,"column":64}},"7":{"start":{"line":785,"column":4},"end":{"line":785,"column":null}},"8":{"start":{"line":785,"column":16},"end":{"line":785,"column":null}},"9":{"start":{"line":787,"column":2},"end":{"line":787,"column":null}},"10":{"start":{"line":796,"column":2},"end":{"line":796,"column":null}},"11":{"start":{"line":796,"column":34},"end":{"line":796,"column":44}}},"fnMap":{"0":{"name":"createLesson","decl":{"start":{"line":17,"column":9},"end":{"line":17,"column":22}},"loc":{"start":{"line":30,"column":11},"end":{"line":35,"column":null}},"line":30},"1":{"name":"getChapterById","decl":{"start":{"line":772,"column":16},"end":{"line":772,"column":31}},"loc":{"start":{"line":772,"column":71},"end":{"line":774,"column":null}},"line":772},"2":{"name":"(anonymous_2)","decl":{"start":{"line":773,"column":18},"end":{"line":773,"column":24}},"loc":{"start":{"line":773,"column":31},"end":{"line":773,"column":50}},"line":773},"3":{"name":"getLessonById","decl":{"start":{"line":782,"column":16},"end":{"line":782,"column":30}},"loc":{"start":{"line":782,"column":68},"end":{"line":788,"column":null}},"line":782},"4":{"name":"(anonymous_4)","decl":{"start":{"line":784,"column":35},"end":{"line":784,"column":41}},"loc":{"start":{"line":784,"column":47},"end":{"line":784,"column":64}},"line":784},"5":{"name":"getAllLessons","decl":{"start":{"line":795,"column":16},"end":{"line":795,"column":42}},"loc":{"start":{"line":795,"column":42},"end":{"line":797,"column":null}},"line":795},"6":{"name":"(anonymous_6)","decl":{"start":{"line":796,"column":18},"end":{"line":796,"column":27}},"loc":{"start":{"line":796,"column":34},"end":{"line":796,"column":44}},"line":796}},"branchMap":{"0":{"loc":{"start":{"line":785,"column":4},"end":{"line":785,"column":null}},"type":"if","locations":[{"start":{"line":785,"column":4},"end":{"line":785,"column":null}},{"start":{},"end":{}}],"line":785}},"s":{"0":47,"1":1,"2":3,"3":21,"4":3,"5":16,"6":73,"7":16,"8":2,"9":1,"10":3,"11":30},"f":{"0":47,"1":3,"2":21,"3":3,"4":73,"5":3,"6":30},"b":{"0":[2,14]},"meta":{"lastBranch":1,"lastFunction":7,"lastStatement":12,"seen":{"f:17:9:17:22":0,"s:31:2:34:Infinity":0,"s:43:35:764:Infinity":1,"f:772:16:772:31":1,"s:773:2:773:Infinity":2,"f:773:18:773:24":2,"s:773:31:773:50":3,"f:782:16:782:30":3,"s:783:2:786:Infinity":4,"s:784:19:784:Infinity":5,"f:784:35:784:41":4,"s:784:47:784:64":6,"b:785:4:785:Infinity:undefined:undefined:undefined:undefined":0,"s:785:4:785:Infinity":7,"s:785:16:785:Infinity":8,"s:787:2:787:Infinity":9,"f:795:16:795:42":5,"s:796:2:796:Infinity":10,"f:796:18:796:27":6,"s:796:34:796:44":11},"fnNames":{}}}
,"D:\\project\\pythonWebsite\\src\\lib\\content\\index.ts": {"path":"D:\\project\\pythonWebsite\\src\\lib\\content\\index.ts","statementMap":{},"fnMap":{},"branchMap":{},"s":{},"f":{},"b":{},"meta":{"lastBranch":0,"lastFunction":0,"lastStatement":0,"seen":{},"fnNames":{}}}
,"D:\\project\\pythonWebsite\\src\\lib\\content\\lesson-loader.ts": {"path":"D:\\project\\pythonWebsite\\src\\lib\\content\\lesson-loader.ts","statementMap":{"0":{"start":{"line":13,"column":19},"end":{"line":13,"column":null}},"1":{"start":{"line":14,"column":18},"end":{"line":14,"column":null}},"2":{"start":{"line":19,"column":21},"end":{"line":19,"column":null}},"3":{"start":{"line":24,"column":20},"end":{"line":24,"column":null}},"4":{"start":{"line":34,"column":19},"end":{"line":34,"column":null}},"5":{"start":{"line":37,"column":2},"end":{"line":40,"column":null}},"6":{"start":{"line":38,"column":4},"end":{"line":38,"column":null}},"7":{"start":{"line":39,"column":4},"end":{"line":39,"column":null}},"8":{"start":{"line":42,"column":2},"end":{"line":49,"column":null}},"9":{"start":{"line":44,"column":20},"end":{"line":44,"column":null}},"10":{"start":{"line":45,"column":4},"end":{"line":45,"column":null}},"11":{"start":{"line":47,"column":4},"end":{"line":47,"column":null}},"12":{"start":{"line":48,"column":4},"end":{"line":48,"column":null}}},"fnMap":{"0":{"name":"loadLessonMarkdown","decl":{"start":{"line":32,"column":16},"end":{"line":32,"column":35}},"loc":{"start":{"line":32,"column":61},"end":{"line":50,"column":null}},"line":32}},"branchMap":{"0":{"loc":{"start":{"line":37,"column":2},"end":{"line":40,"column":null}},"type":"if","locations":[{"start":{"line":37,"column":2},"end":{"line":40,"column":null}},{"start":{},"end":{}}],"line":37}},"s":{"0":1,"1":1,"2":1,"3":1,"4":22,"5":22,"6":3,"7":3,"8":19,"9":19,"10":19,"11":0,"12":0},"f":{"0":22},"b":{"0":[3,19]},"meta":{"lastBranch":1,"lastFunction":1,"lastStatement":13,"seen":{"s:13:19:13:Infinity":0,"s:14:18:14:Infinity":1,"s:19:21:19:Infinity":2,"s:24:20:24:Infinity":3,"f:32:16:32:35":0,"s:34:19:34:Infinity":4,"b:37:2:40:Infinity:undefined:undefined:undefined:undefined":0,"s:37:2:40:Infinity":5,"s:38:4:38:Infinity":6,"s:39:4:39:Infinity":7,"s:42:2:49:Infinity":8,"s:44:20:44:Infinity":9,"s:45:4:45:Infinity":10,"s:47:4:47:Infinity":11,"s:48:4:48:Infinity":12},"fnNames":{}}}
,"D:\\project\\pythonWebsite\\src\\types\\index.ts": {"path":"D:\\project\\pythonWebsite\\src\\types\\index.ts","statementMap":{},"fnMap":{},"branchMap":{},"s":{},"f":{},"b":{},"meta":{"lastBranch":0,"lastFunction":0,"lastStatement":0,"seen":{},"fnNames":{}}}
}
